<?xml version="1.0" encoding="UTF-8"?>
<testsuite name="project.restdocs.question.QuestionControllerRestDocs" tests="5" skipped="0" failures="0" errors="0" timestamp="2022-08-25T13:22:59" hostname="DESKTOP-5PQ4G4E" time="0.706">
  <properties/>
  <testcase name="getQuestionsTest()" classname="project.restdocs.question.QuestionControllerRestDocs" time="0.435"/>
  <testcase name="deleteQuestionTest()" classname="project.restdocs.question.QuestionControllerRestDocs" time="0.076"/>
  <testcase name="patchQuestionTest()" classname="project.restdocs.question.QuestionControllerRestDocs" time="0.12"/>
  <testcase name="postQuestionTest()" classname="project.restdocs.question.QuestionControllerRestDocs" time="0.035"/>
  <testcase name="getQuestionTest()" classname="project.restdocs.question.QuestionControllerRestDocs" time="0.026"/>
  <system-out><![CDATA[2022-08-25 22:22:57.414  INFO 136036 --- [    Test worker] .b.t.a.w.s.WebMvcTestContextBootstrapper : Neither @ContextConfiguration nor @ContextHierarchy found for test class [project.restdocs.question.QuestionControllerRestDocs], using SpringBootContextLoader
2022-08-25 22:22:57.415  INFO 136036 --- [    Test worker] o.s.t.c.support.AbstractContextLoader    : Could not detect default resource locations for test class [project.restdocs.question.QuestionControllerRestDocs]: no resource found for suffixes {-context.xml, Context.groovy}.
2022-08-25 22:22:57.416  INFO 136036 --- [    Test worker] t.c.s.AnnotationConfigContextLoaderUtils : Could not detect default configuration classes for test class [project.restdocs.question.QuestionControllerRestDocs]: QuestionControllerRestDocs does not declare any static, non-private, non-final, nested classes annotated with @Configuration.
2022-08-25 22:22:57.455  INFO 136036 --- [    Test worker] .b.t.c.SpringBootTestContextBootstrapper : Found @SpringBootConfiguration project.Application for test class project.restdocs.question.QuestionControllerRestDocs
2022-08-25 22:22:57.456  INFO 136036 --- [    Test worker] .b.t.a.w.s.WebMvcTestContextBootstrapper : Loaded default TestExecutionListener class names from location [META-INF/spring.factories]: [org.springframework.security.test.context.support.WithSecurityContextTestExecutionListener, org.springframework.security.test.context.support.ReactorContextTestExecutionListener, org.springframework.boot.test.autoconfigure.restdocs.RestDocsTestExecutionListener, org.springframework.boot.test.autoconfigure.web.client.MockRestServiceServerResetTestExecutionListener, org.springframework.boot.test.autoconfigure.web.servlet.MockMvcPrintOnlyOnFailureTestExecutionListener, org.springframework.boot.test.autoconfigure.web.servlet.WebDriverTestExecutionListener, org.springframework.boot.test.autoconfigure.webservices.client.MockWebServiceServerTestExecutionListener, org.springframework.boot.test.mock.mockito.MockitoTestExecutionListener, org.springframework.boot.test.mock.mockito.ResetMocksTestExecutionListener, org.springframework.test.context.web.ServletTestExecutionListener, org.springframework.test.context.support.DirtiesContextBeforeModesTestExecutionListener, org.springframework.test.context.event.ApplicationEventsTestExecutionListener, org.springframework.test.context.support.DependencyInjectionTestExecutionListener, org.springframework.test.context.support.DirtiesContextTestExecutionListener, org.springframework.test.context.transaction.TransactionalTestExecutionListener, org.springframework.test.context.jdbc.SqlScriptsTestExecutionListener, org.springframework.test.context.event.EventPublishingTestExecutionListener]
2022-08-25 22:22:57.457  INFO 136036 --- [    Test worker] .b.t.a.w.s.WebMvcTestContextBootstrapper : Using TestExecutionListeners: [org.springframework.test.context.web.ServletTestExecutionListener@3294102e, org.springframework.test.context.support.DirtiesContextBeforeModesTestExecutionListener@5a69b3cf, org.springframework.test.context.event.ApplicationEventsTestExecutionListener@7c460, org.springframework.boot.test.mock.mockito.MockitoTestExecutionListener@59e4a044, org.springframework.boot.test.autoconfigure.SpringBootDependencyInjectionTestExecutionListener@4be3de36, org.springframework.test.context.support.DirtiesContextTestExecutionListener@5c03eb4e, org.springframework.test.context.transaction.TransactionalTestExecutionListener@6219006a, org.springframework.test.context.jdbc.SqlScriptsTestExecutionListener@1e836aed, org.springframework.security.test.context.support.WithSecurityContextTestExecutionListener@4bc41565, org.springframework.test.context.event.EventPublishingTestExecutionListener@8dedec8, org.springframework.security.test.context.support.ReactorContextTestExecutionListener@226e95e9, org.springframework.boot.test.autoconfigure.restdocs.RestDocsTestExecutionListener@27bf574b, org.springframework.boot.test.autoconfigure.web.client.MockRestServiceServerResetTestExecutionListener@4cbb11e4, org.springframework.boot.test.autoconfigure.web.servlet.MockMvcPrintOnlyOnFailureTestExecutionListener@326dbe25, org.springframework.boot.test.autoconfigure.web.servlet.WebDriverTestExecutionListener@647aa45c, org.springframework.boot.test.autoconfigure.webservices.client.MockWebServiceServerTestExecutionListener@3922b297, org.springframework.boot.test.mock.mockito.ResetMocksTestExecutionListener@2d02a066]

  .   ____          _            __ _ _
 /\\ / ___'_ __ _ _(_)_ __  __ _ \ \ \ \
( ( )\___ | '_ | '_| | '_ \/ _` | \ \ \ \
 \\/  ___)| |_)| | | | | || (_| |  ) ) ) )
  '  |____| .__|_| |_|_| |_\__, | / / / /
 =========|_|==============|___/=/_/_/_/
 :: Spring Boot ::                (v2.7.3)

2022-08-25 22:22:57.514  INFO 136036 --- [    Test worker] p.r.question.QuestionControllerRestDocs  : Starting QuestionControllerRestDocs using Java 11.0.15 on DESKTOP-5PQ4G4E with PID 136036 (started by jiyeo in C:\Users\jiyeo\IdeaProjects\project\pre.project)
2022-08-25 22:22:57.516  INFO 136036 --- [    Test worker] p.r.question.QuestionControllerRestDocs  : No active profile set, falling back to 1 default profile: "default"
2022-08-25 22:22:59.087  INFO 136036 --- [    Test worker] o.s.b.t.m.w.SpringBootMockServletContext : Initializing Spring TestDispatcherServlet ''
2022-08-25 22:22:59.087  INFO 136036 --- [    Test worker] o.s.t.web.servlet.TestDispatcherServlet  : Initializing Servlet ''
2022-08-25 22:22:59.089  INFO 136036 --- [    Test worker] o.s.t.web.servlet.TestDispatcherServlet  : Completed initialization in 2 ms
2022-08-25 22:22:59.123  INFO 136036 --- [    Test worker] p.r.question.QuestionControllerRestDocs  : Started QuestionControllerRestDocs in 1.66 seconds (JVM running for 10.759)
]]></system-out>
  <system-err><![CDATA[]]></system-err>
</testsuite>
