<?xml version="1.0" encoding="UTF-8"?>
<testsuite name="com.codestates.server.ServerApplicationTests" tests="1" skipped="0" failures="0" errors="0" timestamp="2022-08-31T15:18:44" hostname="SUBO" time="0.149">
  <properties/>
  <testcase name="contextLoads()" classname="com.codestates.server.ServerApplicationTests" time="0.149"/>
  <system-out><![CDATA[00:18:36.531 [Test worker] DEBUG org.springframework.test.context.BootstrapUtils - Instantiating CacheAwareContextLoaderDelegate from class [org.springframework.test.context.cache.DefaultCacheAwareContextLoaderDelegate]
00:18:36.543 [Test worker] DEBUG org.springframework.test.context.BootstrapUtils - Instantiating BootstrapContext using constructor [public org.springframework.test.context.support.DefaultBootstrapContext(java.lang.Class,org.springframework.test.context.CacheAwareContextLoaderDelegate)]
00:18:36.581 [Test worker] DEBUG org.springframework.test.context.BootstrapUtils - Instantiating TestContextBootstrapper for test class [com.codestates.server.ServerApplicationTests] from class [org.springframework.boot.test.context.SpringBootTestContextBootstrapper]
00:18:36.595 [Test worker] INFO org.springframework.boot.test.context.SpringBootTestContextBootstrapper - Neither @ContextConfiguration nor @ContextHierarchy found for test class [com.codestates.server.ServerApplicationTests], using SpringBootContextLoader
00:18:36.600 [Test worker] DEBUG org.springframework.test.context.support.AbstractContextLoader - Did not detect default resource location for test class [com.codestates.server.ServerApplicationTests]: class path resource [com/codestates/server/ServerApplicationTests-context.xml] does not exist
00:18:36.601 [Test worker] DEBUG org.springframework.test.context.support.AbstractContextLoader - Did not detect default resource location for test class [com.codestates.server.ServerApplicationTests]: class path resource [com/codestates/server/ServerApplicationTestsContext.groovy] does not exist
00:18:36.601 [Test worker] INFO org.springframework.test.context.support.AbstractContextLoader - Could not detect default resource locations for test class [com.codestates.server.ServerApplicationTests]: no resource found for suffixes {-context.xml, Context.groovy}.
00:18:36.602 [Test worker] INFO org.springframework.test.context.support.AnnotationConfigContextLoaderUtils - Could not detect default configuration classes for test class [com.codestates.server.ServerApplicationTests]: ServerApplicationTests does not declare any static, non-private, non-final, nested classes annotated with @Configuration.
00:18:36.647 [Test worker] DEBUG org.springframework.test.context.support.ActiveProfilesUtils - Could not find an 'annotation declaring class' for annotation type [org.springframework.test.context.ActiveProfiles] and class [com.codestates.server.ServerApplicationTests]
00:18:36.706 [Test worker] DEBUG org.springframework.context.annotation.ClassPathScanningCandidateComponentProvider - Identified candidate component class: file [D:\subo\seb39_pre_013\server\build\classes\java\main\com\codestates\server\ServerApplication.class]
00:18:36.707 [Test worker] INFO org.springframework.boot.test.context.SpringBootTestContextBootstrapper - Found @SpringBootConfiguration com.codestates.server.ServerApplication for test class com.codestates.server.ServerApplicationTests
00:18:36.819 [Test worker] DEBUG org.springframework.boot.test.context.SpringBootTestContextBootstrapper - @TestExecutionListeners is not present for class [com.codestates.server.ServerApplicationTests]: using defaults.
00:18:36.820 [Test worker] INFO org.springframework.boot.test.context.SpringBootTestContextBootstrapper - Loaded default TestExecutionListener class names from location [META-INF/spring.factories]: [org.springframework.security.test.context.support.WithSecurityContextTestExecutionListener, org.springframework.security.test.context.support.ReactorContextTestExecutionListener, org.springframework.boot.test.autoconfigure.restdocs.RestDocsTestExecutionListener, org.springframework.boot.test.autoconfigure.web.client.MockRestServiceServerResetTestExecutionListener, org.springframework.boot.test.autoconfigure.web.servlet.MockMvcPrintOnlyOnFailureTestExecutionListener, org.springframework.boot.test.autoconfigure.web.servlet.WebDriverTestExecutionListener, org.springframework.boot.test.autoconfigure.webservices.client.MockWebServiceServerTestExecutionListener, org.springframework.boot.test.mock.mockito.MockitoTestExecutionListener, org.springframework.boot.test.mock.mockito.ResetMocksTestExecutionListener, org.springframework.test.context.web.ServletTestExecutionListener, org.springframework.test.context.support.DirtiesContextBeforeModesTestExecutionListener, org.springframework.test.context.event.ApplicationEventsTestExecutionListener, org.springframework.test.context.support.DependencyInjectionTestExecutionListener, org.springframework.test.context.support.DirtiesContextTestExecutionListener, org.springframework.test.context.transaction.TransactionalTestExecutionListener, org.springframework.test.context.jdbc.SqlScriptsTestExecutionListener, org.springframework.test.context.event.EventPublishingTestExecutionListener]
00:18:36.841 [Test worker] INFO org.springframework.boot.test.context.SpringBootTestContextBootstrapper - Using TestExecutionListeners: [org.springframework.test.context.web.ServletTestExecutionListener@581d969c, org.springframework.test.context.support.DirtiesContextBeforeModesTestExecutionListener@22db8f4, org.springframework.test.context.event.ApplicationEventsTestExecutionListener@2b46a8c1, org.springframework.boot.test.mock.mockito.MockitoTestExecutionListener@1d572e62, org.springframework.boot.test.autoconfigure.SpringBootDependencyInjectionTestExecutionListener@29caf222, org.springframework.test.context.support.DirtiesContextTestExecutionListener@46cf05f7, org.springframework.test.context.transaction.TransactionalTestExecutionListener@5851bd4f, org.springframework.test.context.jdbc.SqlScriptsTestExecutionListener@7cd1ac19, org.springframework.security.test.context.support.WithSecurityContextTestExecutionListener@2f40a43, org.springframework.test.context.event.EventPublishingTestExecutionListener@3caa4757, org.springframework.security.test.context.support.ReactorContextTestExecutionListener@69c43e48, org.springframework.boot.test.autoconfigure.restdocs.RestDocsTestExecutionListener@1804f60d, org.springframework.boot.test.autoconfigure.web.client.MockRestServiceServerResetTestExecutionListener@3a80515c, org.springframework.boot.test.autoconfigure.web.servlet.MockMvcPrintOnlyOnFailureTestExecutionListener@547e29a4, org.springframework.boot.test.autoconfigure.web.servlet.WebDriverTestExecutionListener@1c807b1d, org.springframework.boot.test.autoconfigure.webservices.client.MockWebServiceServerTestExecutionListener@238b521e, org.springframework.boot.test.mock.mockito.ResetMocksTestExecutionListener@1b39fd82]
00:18:36.845 [Test worker] DEBUG org.springframework.test.context.support.AbstractDirtiesContextTestExecutionListener - Before test class: context [DefaultTestContext@436390f4 testClass = ServerApplicationTests, testInstance = [null], testMethod = [null], testException = [null], mergedContextConfiguration = [WebMergedContextConfiguration@4d157787 testClass = ServerApplicationTests, locations = '{}', classes = '{class com.codestates.server.ServerApplication}', contextInitializerClasses = '[]', activeProfiles = '{}', propertySourceLocations = '{}', propertySourceProperties = '{org.springframework.boot.test.context.SpringBootTestContextBootstrapper=true}', contextCustomizers = set[org.springframework.boot.test.autoconfigure.actuate.metrics.MetricsExportContextCustomizerFactory$DisableMetricExportContextCustomizer@45e37a7e, org.springframework.boot.test.autoconfigure.properties.PropertyMappingContextCustomizer@0, org.springframework.boot.test.autoconfigure.web.servlet.WebDriverContextCustomizerFactory$Customizer@4da602fc, org.springframework.boot.test.context.filter.ExcludeFilterContextCustomizer@4c398c80, org.springframework.boot.test.json.DuplicateJsonObjectContextCustomizerFactory$DuplicateJsonObjectContextCustomizer@29df4d43, org.springframework.boot.test.mock.mockito.MockitoContextCustomizer@0, org.springframework.boot.test.web.client.TestRestTemplateContextCustomizer@4504d271, org.springframework.boot.test.context.SpringBootTestArgs@1, org.springframework.boot.test.context.SpringBootTestWebEnvironment@264f218], resourceBasePath = 'src/main/webapp', contextLoader = 'org.springframework.boot.test.context.SpringBootContextLoader', parent = [null]], attributes = map['org.springframework.test.context.web.ServletTestExecutionListener.activateListener' -> true]], class annotated with @DirtiesContext [false] with mode [null].

  .   ____          _            __ _ _
 /\\ / ___'_ __ _ _(_)_ __  __ _ \ \ \ \
( ( )\___ | '_ | '_| | '_ \/ _` | \ \ \ \
 \\/  ___)| |_)| | | | | || (_| |  ) ) ) )
  '  |____| .__|_| |_|_| |_\__, | / / / /
 =========|_|==============|___/=/_/_/_/
 :: Spring Boot ::                (v2.7.3)

2022-09-01 00:18:37.265  INFO 44888 --- [    Test worker] c.c.server.ServerApplicationTests        : Starting ServerApplicationTests using Java 11.0.10 on subo with PID 44888 (started by user in D:\subo\seb39_pre_013\server)
2022-09-01 00:18:37.266  INFO 44888 --- [    Test worker] c.c.server.ServerApplicationTests        : The following 3 profiles are active: "naver", "gmail", "etc"
2022-09-01 00:18:38.056  INFO 44888 --- [    Test worker] .s.d.r.c.RepositoryConfigurationDelegate : Bootstrapping Spring Data JPA repositories in DEFAULT mode.
2022-09-01 00:18:38.171  INFO 44888 --- [    Test worker] .s.d.r.c.RepositoryConfigurationDelegate : Finished Spring Data repository scanning in 98 ms. Found 2 JPA repository interfaces.
2022-09-01 00:18:38.816 DEBUG 44888 --- [    Test worker] j.LocalContainerEntityManagerFactoryBean : Building JPA container EntityManagerFactory for persistence unit 'default'
2022-09-01 00:18:38.837  INFO 44888 --- [    Test worker] o.hibernate.jpa.internal.util.LogHelper  : HHH000204: Processing PersistenceUnitInfo [name: default]
2022-09-01 00:18:38.903  INFO 44888 --- [    Test worker] org.hibernate.Version                    : HHH000412: Hibernate ORM core version 5.6.10.Final
2022-09-01 00:18:39.129  INFO 44888 --- [    Test worker] o.hibernate.annotations.common.Version   : HCANN000001: Hibernate Commons Annotations {5.1.2.Final}
2022-09-01 00:18:39.279  INFO 44888 --- [    Test worker] com.zaxxer.hikari.HikariDataSource       : HikariPool-1 - Starting...
2022-09-01 00:18:39.666  INFO 44888 --- [    Test worker] com.zaxxer.hikari.HikariDataSource       : HikariPool-1 - Start completed.
2022-09-01 00:18:39.705  INFO 44888 --- [    Test worker] org.hibernate.dialect.Dialect            : HHH000400: Using dialect: org.hibernate.dialect.MySQL8Dialect
Hibernate: alter table answer drop foreign key FK68tbcw6bunvfjaoscaj851xpb
Hibernate: alter table question drop foreign key FK4ekrlbqiybwk8abhgclfjwnmc
Hibernate: alter table user_tag drop foreign key FK9qknt3y115f17660k0qnm9x3g
Hibernate: alter table user_tag drop foreign key FKhqbypqh9kyjp3jcslfg67c6n5
Hibernate: drop table if exists answer
Hibernate: drop table if exists comment
Hibernate: drop table if exists question
Hibernate: drop table if exists subscribe
Hibernate: drop table if exists tag
Hibernate: drop table if exists user
Hibernate: drop table if exists user_tag
Hibernate: create table answer (id bigint not null auto_increment, content varchar(255), user_id bigint, primary key (id)) engine=InnoDB
Hibernate: create table comment (id bigint not null auto_increment, content varchar(255), primary key (id)) engine=InnoDB
Hibernate: create table question (id bigint not null auto_increment, title varchar(255), user_id bigint, primary key (id)) engine=InnoDB
Hibernate: create table subscribe (id bigint not null auto_increment, primary key (id)) engine=InnoDB
Hibernate: create table tag (id bigint not null auto_increment, description varchar(255), name varchar(255), primary key (id)) engine=InnoDB
Hibernate: create table user (id bigint not null auto_increment, created_at datetime(6), modified_at datetime(6), about_me varchar(255), email varchar(255) not null, github_link varchar(255), location varchar(255), nickname varchar(255) not null, password varchar(255) not null, reputation bigint, roles varchar(255), title varchar(255), twitter_link varchar(255), website_link varchar(255), primary key (id)) engine=InnoDB
Hibernate: create table user_tag (id bigint not null auto_increment, name varchar(255), tag_id bigint, user_id bigint, primary key (id)) engine=InnoDB
Hibernate: alter table user add constraint UK_ob8kqyqqgmefl0aco34akdtpe unique (email)
Hibernate: alter table user add constraint UK_n4swgcf30j6bmtb4l4cjryuym unique (nickname)
Hibernate: alter table answer add constraint FK68tbcw6bunvfjaoscaj851xpb foreign key (user_id) references user (id)
Hibernate: alter table question add constraint FK4ekrlbqiybwk8abhgclfjwnmc foreign key (user_id) references user (id)
Hibernate: alter table user_tag add constraint FK9qknt3y115f17660k0qnm9x3g foreign key (tag_id) references tag (id)
Hibernate: alter table user_tag add constraint FKhqbypqh9kyjp3jcslfg67c6n5 foreign key (user_id) references user (id)
2022-09-01 00:18:42.208  INFO 44888 --- [    Test worker] o.h.e.t.j.p.i.JtaPlatformInitiator       : HHH000490: Using JtaPlatform implementation: [org.hibernate.engine.transaction.jta.platform.internal.NoJtaPlatform]
2022-09-01 00:18:42.217  INFO 44888 --- [    Test worker] j.LocalContainerEntityManagerFactoryBean : Initialized JPA EntityManagerFactory for persistence unit 'default'
2022-09-01 00:18:42.377 DEBUG 44888 --- [    Test worker] tor$SharedEntityManagerInvocationHandler : Creating new EntityManager for shared EntityManager invocation
2022-09-01 00:18:42.442 DEBUG 44888 --- [    Test worker] tor$SharedEntityManagerInvocationHandler : Creating new EntityManager for shared EntityManager invocation
2022-09-01 00:18:42.519 DEBUG 44888 --- [    Test worker] tor$SharedEntityManagerInvocationHandler : Creating new EntityManager for shared EntityManager invocation
2022-09-01 00:18:42.592 DEBUG 44888 --- [    Test worker] tor$SharedEntityManagerInvocationHandler : Creating new EntityManager for shared EntityManager invocation
2022-09-01 00:18:42.970  INFO 44888 --- [    Test worker] o.s.s.web.DefaultSecurityFilterChain     : Will secure any request with [org.springframework.security.web.session.DisableEncodeUrlFilter@2daa5092, org.springframework.security.web.context.request.async.WebAsyncManagerIntegrationFilter@5f346355, org.springframework.security.web.context.SecurityContextPersistenceFilter@33986be7, org.springframework.security.web.header.HeaderWriterFilter@3458be63, org.springframework.web.filter.CorsFilter@1ec4fdcf, org.springframework.security.web.authentication.logout.LogoutFilter@3a574a3b, com.codestates.server.common.filter.JwtAuthenticationFilter@66e62e19, com.codestates.server.common.filter.JwtAuthorizationFilter@50fe5df2, org.springframework.security.web.savedrequest.RequestCacheAwareFilter@2e6f1f48, org.springframework.security.web.servletapi.SecurityContextHolderAwareRequestFilter@5ed88e31, org.springframework.security.web.authentication.AnonymousAuthenticationFilter@2fafa9bf, org.springframework.security.web.session.SessionManagementFilter@139b3a29, org.springframework.security.web.access.ExceptionTranslationFilter@356ab368, org.springframework.security.web.access.intercept.FilterSecurityInterceptor@6e111aeb]
2022-09-01 00:18:42.992  WARN 44888 --- [    Test worker] o.s.s.c.a.web.builders.WebSecurity       : 

********************************************************************
**********        Security debugging is enabled.       *************
**********    This may include sensitive information.  *************
**********      Do not use in a production system!     *************
********************************************************************


2022-09-01 00:18:43.287  WARN 44888 --- [    Test worker] JpaBaseConfiguration$JpaWebConfiguration : spring.jpa.open-in-view is enabled by default. Therefore, database queries may be performed during view rendering. Explicitly configure spring.jpa.open-in-view to disable this warning
2022-09-01 00:18:43.825 DEBUG 44888 --- [    Test worker] tor$SharedEntityManagerInvocationHandler : Creating new EntityManager for shared EntityManager invocation
2022-09-01 00:18:43.826 DEBUG 44888 --- [    Test worker] tor$SharedEntityManagerInvocationHandler : Creating new EntityManager for shared EntityManager invocation
2022-09-01 00:18:43.836 DEBUG 44888 --- [    Test worker] tor$SharedEntityManagerInvocationHandler : Creating new EntityManager for shared EntityManager invocation
2022-09-01 00:18:44.301  INFO 44888 --- [    Test worker] c.c.server.ServerApplicationTests        : Started ServerApplicationTests in 7.418 seconds (JVM running for 10.454)
]]></system-out>
  <system-err><![CDATA[]]></system-err>
</testsuite>
